Build started 12/11/2015 3:02:27 PM.
     1>Project "H:\OpenGL Rasteriser 2014\OpenGL Rasteriser\nclgl\nclgl.vcxproj" on node 2 (Build target(s)).
     1>ClCompile:
         C:\Program Files (x86)\Microsoft Visual Studio 12.0\VC\bin\CL.exe /c /ZI /nologo /W3 /WX- /Od /Oy- /D _DEBUG /D _MBCS /Gm /EHsc /RTC1 /MDd /GS /fp:precise /Zc:wchar_t /Zc:forScope /Fo"Debug\\" /Fd"Debug\vc120.pdb" /Gd /TP /analyze- /errorReport:prompt GameTimer.cpp Keyboard.cpp Matrix3.cpp Matrix4.cpp Mouse.cpp OGLRenderer.cpp Quaternion.cpp Window.cpp
         Window.cpp
         Quaternion.cpp
         OGLRenderer.cpp
         Mouse.cpp
         Matrix4.cpp
         Matrix3.cpp
         Keyboard.cpp
         GameTimer.cpp
         Generating Code...
       Lib:
         C:\Program Files (x86)\Microsoft Visual Studio 12.0\VC\bin\Lib.exe /OUT:"H:\OpenGL Rasteriser 2014\OpenGL Rasteriser\OpenGLGraphics\Debug\nclgl.lib" /NOLOGO Debug\GameTimer.obj
         Debug\Keyboard.obj
         Debug\Matrix3.obj
         Debug\Matrix4.obj
         Debug\Mouse.obj
         Debug\OGLRenderer.obj
         Debug\Quaternion.obj
         Debug\Window.obj
         nclgl.vcxproj -> H:\OpenGL Rasteriser 2014\OpenGL Rasteriser\OpenGLGraphics\Debug\nclgl.lib
     1>Done Building Project "H:\OpenGL Rasteriser 2014\OpenGL Rasteriser\nclgl\nclgl.vcxproj" (Build target(s)).

Build succeeded.

Time Elapsed 00:00:06.23
