Build started 12/15/2015 2:44:17 PM.
     1>Project "H:\OpenGL Rasteriser 2014\OpenGL Rasteriser\OpenGLGraphics\OpenGLGraphics.vcxproj" on node 2 (Build target(s)).
     1>ClCompile:
         C:\Program Files (x86)\Microsoft Visual Studio 12.0\VC\bin\CL.exe /c /ZI /nologo /W3 /WX- /Od /Oy- /D _MBCS /Gm /EHsc /RTC1 /MDd /GS /fp:precise /Zc:wchar_t /Zc:forScope /Fo"Debug\\" /Fd"Debug\vc120.pdb" /Gd /TP /analyze- /errorReport:prompt main.cpp
         main.cpp
       Link:
         C:\Program Files (x86)\Microsoft Visual Studio 12.0\VC\bin\link.exe /ERRORREPORT:PROMPT /OUT:"H:\OpenGL Rasteriser 2014\OpenGL Rasteriser\OpenGLGraphics\Debug\OpenGLGraphics.exe" /INCREMENTAL /NOLOGO kernel32.lib user32.lib gdi32.lib winspool.lib comdlg32.lib advapi32.lib shell32.lib ole32.lib oleaut32.lib uuid.lib odbc32.lib odbccp32.lib /MANIFEST /MANIFESTUAC:"level='asInvoker' uiAccess='false'" /manifest:embed /DEBUG /PDB:"H:\OpenGL Rasteriser 2014\OpenGL Rasteriser\OpenGLGraphics\Debug\OpenGLGraphics.pdb" /TLBID:1 /DYNAMICBASE /NXCOMPAT /IMPLIB:"H:\OpenGL Rasteriser 2014\OpenGL Rasteriser\OpenGLGraphics\Debug\OpenGLGraphics.lib" /MACHINE:X86 Debug\main.obj
         Debug\Mesh.obj
         Debug\Renderer.obj
         Debug\RenderObject.obj
         Debug\Shader.obj
     1>Shader.obj : warning LNK4049: locally defined symbol ___glewAttachShader imported
     1>Shader.obj : warning LNK4049: locally defined symbol ___glewBindAttribLocation imported
     1>Shader.obj : warning LNK4049: locally defined symbol ___glewCompileShader imported
     1>Shader.obj : warning LNK4049: locally defined symbol ___glewCreateProgram imported
     1>Shader.obj : warning LNK4049: locally defined symbol ___glewCreateShader imported
     1>Shader.obj : warning LNK4049: locally defined symbol ___glewDeleteProgram imported
     1>Shader.obj : warning LNK4049: locally defined symbol ___glewDeleteShader imported
     1>Shader.obj : warning LNK4049: locally defined symbol ___glewDetachShader imported
     1>Shader.obj : warning LNK4049: locally defined symbol ___glewGetProgramInfoLog imported
     1>Shader.obj : warning LNK4049: locally defined symbol ___glewGetProgramiv imported
     1>Shader.obj : warning LNK4049: locally defined symbol ___glewGetShaderiv imported
     1>Shader.obj : warning LNK4049: locally defined symbol ___glewLinkProgram imported
     1>Shader.obj : warning LNK4049: locally defined symbol ___glewShaderSource imported
     1>Shader.obj : warning LNK4049: locally defined symbol ___glewGetInfoLogARB imported
     1>glew32sd.lib(glew.obj) : warning LNK4204: 'H:\OpenGL Rasteriser 2014\OpenGL Rasteriser\OpenGLGraphics\Debug\vc120.pdb' is missing debugging information for referencing module; linking object as if no debug info
     1>SOIL.lib(image_DXT.obj) : warning LNK4204: 'H:\OpenGL Rasteriser 2014\OpenGL Rasteriser\OpenGLGraphics\Debug\vc120.pdb' is missing debugging information for referencing module; linking object as if no debug info
     1>SOIL.lib(image_helper.obj) : warning LNK4204: 'H:\OpenGL Rasteriser 2014\OpenGL Rasteriser\OpenGLGraphics\Debug\vc120.pdb' is missing debugging information for referencing module; linking object as if no debug info
     1>SOIL.lib(SOIL.obj) : warning LNK4204: 'H:\OpenGL Rasteriser 2014\OpenGL Rasteriser\OpenGLGraphics\Debug\vc120.pdb' is missing debugging information for referencing module; linking object as if no debug info
     1>SOIL.lib(stb_image_aug.obj) : warning LNK4204: 'H:\OpenGL Rasteriser 2014\OpenGL Rasteriser\OpenGLGraphics\Debug\vc120.pdb' is missing debugging information for referencing module; linking object as if no debug info
         OpenGLGraphics.vcxproj -> H:\OpenGL Rasteriser 2014\OpenGL Rasteriser\OpenGLGraphics\Debug\OpenGLGraphics.exe
     1>Done Building Project "H:\OpenGL Rasteriser 2014\OpenGL Rasteriser\OpenGLGraphics\OpenGLGraphics.vcxproj" (Build target(s)).

Build succeeded.

Time Elapsed 00:00:04.98
